2024-03-28 15:12:06 [scrapy.utils.log] INFO: Scrapy 2.8.0 started (bot: DLsite_Data)
2024-03-28 15:12:06 [scrapy.utils.log] INFO: Versions: lxml 4.9.1.0, libxml2 2.9.14, cssselect 1.2.0, parsel 1.6.0, w3lib 1.21.0, Twisted 22.2.0, Python 3.9.12 (main, Apr  4 2022, 05:22:27) [MSC v.1916 64 bit (AMD64)], pyOpenSSL 23.0.0 (OpenSSL 1.1.1u  30 May 2023), cryptography 39.0.1, Platform Windows-10-10.0.19045-SP0
2024-03-28 15:12:06 [scrapy.crawler] INFO: Overridden settings:
{'BOT_NAME': 'DLsite_Data',
 'FEED_EXPORT_ENCODING': 'utf-8',
 'LOG_FILE': 'all.log',
 'NEWSPIDER_MODULE': 'DLsite_Data.spiders',
 'REQUEST_FINGERPRINTER_IMPLEMENTATION': '2.7',
 'SPIDER_MODULES': ['DLsite_Data.spiders'],
 'USER_AGENT': 'Mozilla/5.0 (Windows NT 6.1; WOW64) AppleWebKit/537.36 (KHTML, '
               'like Gecko) Chrome/34.0.1847.131 Safari/537.36'}
2024-03-28 15:12:06 [scrapy.utils.log] DEBUG: Using reactor: twisted.internet.selectreactor.SelectReactor
2024-03-28 15:12:06 [scrapy.extensions.telnet] INFO: Telnet Password: 93e0345a91762aa9
2024-03-28 15:12:06 [scrapy.middleware] INFO: Enabled extensions:
['scrapy.extensions.corestats.CoreStats',
 'scrapy.extensions.telnet.TelnetConsole',
 'scrapy.extensions.logstats.LogStats']
2024-03-28 15:12:07 [scrapy.middleware] INFO: Enabled downloader middlewares:
['scrapy.downloadermiddlewares.httpauth.HttpAuthMiddleware',
 'scrapy.downloadermiddlewares.downloadtimeout.DownloadTimeoutMiddleware',
 'scrapy.downloadermiddlewares.defaultheaders.DefaultHeadersMiddleware',
 'scrapy.downloadermiddlewares.useragent.UserAgentMiddleware',
 'scrapy.downloadermiddlewares.retry.RetryMiddleware',
 'scrapy.downloadermiddlewares.redirect.MetaRefreshMiddleware',
 'scrapy.downloadermiddlewares.httpcompression.HttpCompressionMiddleware',
 'scrapy.downloadermiddlewares.redirect.RedirectMiddleware',
 'scrapy.downloadermiddlewares.cookies.CookiesMiddleware',
 'scrapy.downloadermiddlewares.httpproxy.HttpProxyMiddleware',
 'scrapy.downloadermiddlewares.stats.DownloaderStats']
2024-03-28 15:12:07 [scrapy.middleware] INFO: Enabled spider middlewares:
['scrapy.spidermiddlewares.httperror.HttpErrorMiddleware',
 'scrapy.spidermiddlewares.offsite.OffsiteMiddleware',
 'scrapy.spidermiddlewares.referer.RefererMiddleware',
 'scrapy.spidermiddlewares.urllength.UrlLengthMiddleware',
 'scrapy.spidermiddlewares.depth.DepthMiddleware']
2024-03-28 15:12:07 [scrapy.middleware] INFO: Enabled item pipelines:
['DLsite_Data.pipelines.DlsiteDataPipeline']
2024-03-28 15:12:07 [scrapy.core.engine] INFO: Spider opened
2024-03-28 15:12:08 [scrapy.extensions.logstats] INFO: Crawled 0 pages (at 0 pages/min), scraped 0 items (at 0 items/min)
2024-03-28 15:12:08 [scrapy.extensions.telnet] INFO: Telnet console listening on 127.0.0.1:6023
2024-03-28 15:12:09 [scrapy.core.engine] DEBUG: Crawled (200) <GET https://dojindb.net/r/all> (referer: None)
2024-03-28 15:12:09 [scrapy.core.engine] DEBUG: Crawled (200) <GET https://dojindb.net/r/week> (referer: None)
2024-03-28 15:12:09 [scrapy.core.engine] DEBUG: Crawled (200) <GET https://dojindb.net/r/month> (referer: None)
2024-03-28 15:12:09 [scrapy.core.engine] DEBUG: Crawled (200) <GET https://dojindb.net/r/day> (referer: None)
2024-03-28 15:12:11 [scrapy.core.engine] DEBUG: Crawled (404) <GET https://dojindb.net/r/day/?g=comic> (referer: https://dojindb.net/r/day)
2024-03-28 15:12:11 [scrapy.core.engine] DEBUG: Crawled (404) <GET https://dojindb.net/r/month/?g=comic> (referer: https://dojindb.net/r/month)
2024-03-28 15:12:11 [scrapy.core.engine] DEBUG: Crawled (404) <GET https://dojindb.net/r/week/?g=comic> (referer: https://dojindb.net/r/week)
2024-03-28 15:12:11 [scrapy.core.engine] DEBUG: Crawled (404) <GET https://dojindb.net/r/all/?g=comic> (referer: https://dojindb.net/r/all)
2024-03-28 15:12:11 [scrapy.spidermiddlewares.httperror] INFO: Ignoring response <404 https://dojindb.net/r/day/?g=comic>: HTTP status code is not handled or not allowed
2024-03-28 15:12:11 [scrapy.spidermiddlewares.httperror] INFO: Ignoring response <404 https://dojindb.net/r/week/?g=comic>: HTTP status code is not handled or not allowed
2024-03-28 15:12:11 [scrapy.spidermiddlewares.httperror] INFO: Ignoring response <404 https://dojindb.net/r/month/?g=comic>: HTTP status code is not handled or not allowed
2024-03-28 15:12:11 [scrapy.spidermiddlewares.httperror] INFO: Ignoring response <404 https://dojindb.net/r/all/?g=comic>: HTTP status code is not handled or not allowed
2024-03-28 15:12:11 [scrapy.core.engine] INFO: Closing spider (finished)
2024-03-28 15:12:11 [scrapy.statscollectors] INFO: Dumping Scrapy stats:
{'downloader/request_bytes': 2781,
 'downloader/request_count': 8,
 'downloader/request_method_count/GET': 8,
 'downloader/response_bytes': 210277,
 'downloader/response_count': 8,
 'downloader/response_status_count/200': 4,
 'downloader/response_status_count/404': 4,
 'elapsed_time_seconds': 3.051365,
 'finish_reason': 'finished',
 'finish_time': datetime.datetime(2024, 3, 28, 7, 12, 11, 683264),
 'httpcompression/response_bytes': 2871086,
 'httpcompression/response_count': 8,
 'httperror/response_ignored_count': 4,
 'httperror/response_ignored_status_count/404': 4,
 'log_count/DEBUG': 9,
 'log_count/INFO': 14,
 'request_depth_max': 1,
 'response_received_count': 8,
 'scheduler/dequeued': 8,
 'scheduler/dequeued/memory': 8,
 'scheduler/enqueued': 8,
 'scheduler/enqueued/memory': 8,
 'start_time': datetime.datetime(2024, 3, 28, 7, 12, 8, 631899)}
2024-03-28 15:12:11 [scrapy.core.engine] INFO: Spider closed (finished)
