2024-03-29 21:45:00 [scrapy.utils.log] INFO: Scrapy 2.8.0 started (bot: WorkID_inPage)
2024-03-29 21:45:00 [scrapy.utils.log] INFO: Versions: lxml 4.9.1.0, libxml2 2.9.14, cssselect 1.2.0, parsel 1.6.0, w3lib 1.21.0, Twisted 22.2.0, Python 3.9.12 (main, Apr  4 2022, 05:22:27) [MSC v.1916 64 bit (AMD64)], pyOpenSSL 23.0.0 (OpenSSL 1.1.1u  30 May 2023), cryptography 39.0.1, Platform Windows-10-10.0.19045-SP0
2024-03-29 21:45:00 [scrapy.crawler] INFO: Overridden settings:
{'AUTOTHROTTLE_ENABLED': True,
 'BOT_NAME': 'WorkID_inPage',
 'COOKIES_ENABLED': False,
 'FEED_EXPORT_ENCODING': 'utf-8',
 'HTTPCACHE_ENABLED': True,
 'HTTPCACHE_EXPIRATION_SECS': 3600,
 'LOG_FILE': 'all.log',
 'NEWSPIDER_MODULE': 'WorkID_inPage.spiders',
 'REQUEST_FINGERPRINTER_IMPLEMENTATION': '2.7',
 'SPIDER_MODULES': ['WorkID_inPage.spiders'],
 'TWISTED_REACTOR': 'twisted.internet.asyncioreactor.AsyncioSelectorReactor'}
2024-03-29 21:45:00 [asyncio] DEBUG: Using selector: SelectSelector
2024-03-29 21:45:00 [scrapy.utils.log] DEBUG: Using reactor: twisted.internet.asyncioreactor.AsyncioSelectorReactor
2024-03-29 21:45:00 [scrapy.utils.log] DEBUG: Using asyncio event loop: asyncio.windows_events._WindowsSelectorEventLoop
2024-03-29 21:45:00 [scrapy.extensions.telnet] INFO: Telnet Password: 5819a179accbf757
2024-03-29 21:45:00 [scrapy.middleware] INFO: Enabled extensions:
['scrapy.extensions.corestats.CoreStats',
 'scrapy.extensions.telnet.TelnetConsole',
 'scrapy.extensions.logstats.LogStats',
 'scrapy.extensions.throttle.AutoThrottle']
2024-03-29 21:45:02 [scrapy.middleware] INFO: Enabled downloader middlewares:
['scrapy.downloadermiddlewares.httpauth.HttpAuthMiddleware',
 'scrapy.downloadermiddlewares.downloadtimeout.DownloadTimeoutMiddleware',
 'scrapy.downloadermiddlewares.defaultheaders.DefaultHeadersMiddleware',
 'scrapy.downloadermiddlewares.useragent.UserAgentMiddleware',
 'WorkID_inPage.middlewares.WorkidInpageDownloaderMiddleware',
 'scrapy.downloadermiddlewares.retry.RetryMiddleware',
 'scrapy.downloadermiddlewares.redirect.MetaRefreshMiddleware',
 'scrapy.downloadermiddlewares.httpcompression.HttpCompressionMiddleware',
 'scrapy.downloadermiddlewares.redirect.RedirectMiddleware',
 'scrapy.downloadermiddlewares.httpproxy.HttpProxyMiddleware',
 'scrapy.downloadermiddlewares.stats.DownloaderStats',
 'scrapy.downloadermiddlewares.httpcache.HttpCacheMiddleware']
2024-03-29 21:45:02 [scrapy.middleware] INFO: Enabled spider middlewares:
['scrapy.spidermiddlewares.httperror.HttpErrorMiddleware',
 'scrapy.spidermiddlewares.offsite.OffsiteMiddleware',
 'WorkID_inPage.middlewares.WorkidInpageSpiderMiddleware',
 'scrapy.spidermiddlewares.referer.RefererMiddleware',
 'scrapy.spidermiddlewares.urllength.UrlLengthMiddleware',
 'scrapy.spidermiddlewares.depth.DepthMiddleware']
2024-03-29 21:45:02 [scrapy.middleware] INFO: Enabled item pipelines:
['WorkID_inPage.pipelines.WorkidInpagePipeline']
2024-03-29 21:45:02 [scrapy.core.engine] INFO: Spider opened
2024-03-29 21:45:02 [scrapy.extensions.logstats] INFO: Crawled 0 pages (at 0 pages/min), scraped 0 items (at 0 items/min)
2024-03-29 21:45:02 [PagesCrawler] INFO: Spider opened: PagesCrawler
2024-03-29 21:45:02 [scrapy.extensions.httpcache] DEBUG: Using filesystem cache storage in D:\2024Spring\DLsite-Analysis\WorkID_inPage\.scrapy\httpcache
2024-03-29 21:45:02 [PagesCrawler] INFO: Spider opened: PagesCrawler
2024-03-29 21:45:02 [scrapy.extensions.telnet] INFO: Telnet console listening on 127.0.0.1:6023
2024-03-29 21:45:03 [scrapy.core.engine] DEBUG: Crawled (200) <GET https://dojindb.net/d/?c=site_tags> (referer: None)
2024-03-29 21:45:03 [scrapy.core.scraper] DEBUG: Scraped from <200 https://dojindb.net/d/?c=site_tags>
{'RankChart': ['週間ランキング200位以内',
               '週間ランキング200位以内',
               '週間ランキング200位以内',
               '週間ランキング200位以内',
               '週間ランキング200位以内',
               '週間ランキング200位以内',
               '週間ランキング200位以内',
               '週間ランキング200位以内',
               '週間ランキング200位以内',
               '週間ランキング200位以内',
               '週間ランキング200位以内',
               '週間ランキング200位以内',
               '週間ランキング200位以内',
               '週間ランキング200位以内',
               '週間ランキング200位以内',
               '週間ランキング200位以内',
               '週間ランキング200位以内',
               '週間ランキング200位以内',
               '週間ランキング200位以内',
               '週間ランキング200位以内',
               '週間ランキング200位以内',
               '週間ランキング200位以内',
               '週間ランキング200位以内',
               '週間ランキング200位以内',
               '週間ランキング200位以内',
               '週間ランキング200位以内',
               '週間ランキング200位以内',
               '週間ランキング200位以内',
               '週間ランキング200位以内',
               '週間ランキング200位以内',
               '週間ランキング200位以内',
               '週間ランキング200位以内',
               '週間ランキング200位以内',
               '週間ランキング200位以内',
               '週間ランキング200位以内',
               '週間ランキング200位以内',
               '週間ランキング200位以内',
               '週間ランキング200位以内',
               '週間ランキング200位以内',
               '週間ランキング200位以内',
               '週間ランキング200位以内',
               '週間ランキング200位以内',
               '週間ランキング200位以内',
               '週間ランキング200位以内',
               '週間ランキング200位以内',
               '週間ランキング200位以内',
               '週間ランキング200位以内',
               '週間ランキング200位以内',
               '週間ランキング200位以内',
               '週間ランキング200位以内',
               '週間ランキング200位以内',
               '週間ランキング200位以内',
               '週間ランキング200位以内',
               '週間ランキング200位以内',
               '週間ランキング200位以内',
               '週間ランキング200位以内',
               '週間ランキング200位以内',
               '週間ランキング200位以内',
               '週間ランキング200位以内',
               '週間ランキング200位以内',
               '週間ランキング200位以内',
               '週間ランキング200位以内',
               '週間ランキング200位以内',
               '週間ランキング200位以内',
               '週間ランキング200位以内',
               '週間ランキング200位以内',
               '週間ランキング200位以内',
               '週間ランキング200位以内',
               '週間ランキング200位以内',
               '週間ランキング200位以内',
               '週間ランキング200位以内',
               '週間ランキング200位以内',
               '週間ランキング200位以内',
               '週間ランキング200位以内',
               '週間ランキング200位以内',
               '週間ランキング200位以内',
               '週間ランキング200位以内',
               '週間ランキング200位以内',
               '週間ランキング200位以内',
               '週間ランキング200位以内',
               '週間ランキング200位以内',
               '週間ランキング200位以内',
               '週間ランキング200位以内',
               '週間ランキング200位以内',
               '週間ランキング200位以内',
               '週間ランキング200位以内',
               '週間ランキング200位以内',
               '週間ランキング200位以内',
               '週間ランキング200位以内',
               '週間ランキング200位以内',
               '週間ランキング200位以内',
               '週間ランキング200位以内',
               '週間ランキング200位以内',
               '週間ランキング200位以内',
               '週間ランキング200位以内',
               '週間ランキング200位以内',
               '週間ランキング200位以内',
               '週間ランキング200位以内',
               '週間ランキング200位以内',
               '週間ランキング200位以内',
               '週間ランキング200位以内',
               '週間ランキング200位以内',
               '週間ランキング200位以内',
               '週間ランキング200位以内',
               '週間ランキング200位以内',
               '週間ランキング200位以内',
               '週間ランキング200位以内',
               '週間ランキング200位以内',
               '週間ランキング200位以内',
               '週間ランキング200位以内',
               '週間ランキング200位以内',
               '週間ランキング200位以内',
               '週間ランキング200位以内',
               '週間ランキング200位以内',
               '週間ランキング200位以内',
               '週間ランキング200位以内',
               '週間ランキング200位以内',
               '週間ランキング200位以内',
               '週間ランキング200位以内',
               '週間ランキング200位以内',
               '週間ランキング200位以内',
               '週間ランキング200位以内',
               '週間ランキング200位以内',
               '週間ランキング200位以内',
               '週間ランキング200位以内',
               '週間ランキング200位以内',
               '週間ランキング200位以内',
               '週間ランキング200位以内',
               '週間ランキング200位以内',
               '週間ランキング200位以内',
               '週間ランキング200位以内',
               '週間ランキング200位以内',
               '週間ランキング200位以内',
               '週間ランキング200位以内',
               '週間ランキング200位以内',
               '週間ランキング200位以内',
               '週間ランキング200位以内',
               '週間ランキング200位以内',
               '週間ランキング200位以内',
               '週間ランキング200位以内',
               '週間ランキング200位以内',
               '週間ランキング200位以内',
               '週間ランキング200位以内',
               '週間ランキング200位以内',
               '週間ランキング200位以内',
               '週間ランキング200位以内',
               '週間ランキング200位以内',
               '週間ランキング200位以内',
               '週間ランキング200位以内',
               '週間ランキング200位以内',
               '週間ランキング200位以内',
               '週間ランキング200位以内',
               '週間ランキング200位以内',
               '週間ランキング200位以内',
               '週間ランキング200位以内',
               '週間ランキング200位以内',
               '週間ランキング200位以内',
               '週間ランキング200位以内',
               '週間ランキング200位以内',
               '週間ランキング200位以内',
               '週間ランキング200位以内',
               '週間ランキング200位以内',
               '週間ランキング200位以内',
               '週間ランキング200位以内',
               '週間ランキング200位以内',
               '週間ランキング200位以内',
               '週間ランキング200位以内',
               '週間ランキング200位以内',
               '週間ランキング200位以内',
               '週間ランキング200位以内',
               '週間ランキング200位以内',
               '週間ランキング200位以内',
               '週間ランキング200位以内',
               '週間ランキング200位以内',
               '週間ランキング200位以内',
               '週間ランキング200位以内',
               '週間ランキング200位以内',
               '週間ランキング200位以内',
               '週間ランキング200位以内',
               '週間ランキング200位以内',
               '週間ランキング200位以内',
               '週間ランキング200位以内',
               '週間ランキング200位以内',
               '週間ランキング200位以内',
               '週間ランキング200位以内',
               '週間ランキング200位以内',
               '月間ランキング200位以内',
               '月間ランキング200位以内',
               '月間ランキング200位以内',
               '月間ランキング200位以内',
               '月間ランキング200位以内',
               '月間ランキング200位以内',
               '月間ランキング200位以内',
               '月間ランキング200位以内',
               '月間ランキング200位以内',
               '月間ランキング200位以内',
               '月間ランキング200位以内',
               '月間ランキング200位以内',
               '月間ランキング200位以内',
               '月間ランキング200位以内',
               '月間ランキング200位以内',
               '月間ランキング200位以内',
               '月間ランキング200位以内',
               '月間ランキング200位以内',
               '月間ランキング200位以内',
               '月間ランキング200位以内',
               '月間ランキング200位以内',
               '月間ランキング200位以内',
               '月間ランキング200位以内',
               '月間ランキング200位以内',
               '月間ランキング200位以内',
               '月間ランキング200位以内',
               '月間ランキング200位以内',
               '月間ランキング200位以内',
               '月間ランキング200位以内',
               '月間ランキング200位以内',
               '月間ランキング200位以内',
               '月間ランキング200位以内',
               '月間ランキング200位以内',
               '月間ランキング200位以内',
               '月間ランキング200位以内',
               '月間ランキング200位以内',
               '月間ランキング200位以内',
               '月間ランキング200位以内',
               '月間ランキング200位以内',
               '月間ランキング200位以内',
               '月間ランキング200位以内',
               '月間ランキング200位以内',
               '月間ランキング200位以内',
               '月間ランキング200位以内',
               '月間ランキング200位以内',
               '月間ランキング200位以内',
               '月間ランキング200位以内',
               '月間ランキング200位以内',
               '月間ランキング200位以内',
               '月間ランキング200位以内',
               '月間ランキング200位以内',
               '月間ランキング200位以内',
               '月間ランキング200位以内',
               '月間ランキング200位以内',
               '月間ランキング200位以内',
               '月間ランキング200位以内',
               '月間ランキング200位以内',
               '月間ランキング200位以内',
               '月間ランキング200位以内',
               '月間ランキング200位以内',
               '月間ランキング200位以内',
               '月間ランキング200位以内',
               '月間ランキング200位以内',
               '月間ランキング200位以内',
               '月間ランキング200位以内',
               '月間ランキング200位以内',
               '月間ランキング200位以内',
               '月間ランキング200位以内',
               '月間ランキング200位以内',
               '月間ランキング200位以内',
               '月間ランキング200位以内',
               '月間ランキング200位以内',
               '月間ランキング200位以内',
               '月間ランキング200位以内',
               '月間ランキング200位以内',
               '月間ランキング200位以内',
               '月間ランキング200位以内',
               '月間ランキング200位以内',
               '月間ランキング200位以内',
               '月間ランキング200位以内',
               '月間ランキング200位以内',
               '月間ランキング200位以内',
               '月間ランキング200位以内',
               '月間ランキング200位以内',
               '月間ランキング200位以内',
               '月間ランキング200位以内',
               '月間ランキング200位以内',
               '月間ランキング200位以内',
               '月間ランキング200位以内',
               '月間ランキング200位以内',
               '月間ランキング200位以内',
               '月間ランキング200位以内',
               '月間ランキング200位以内',
               '月間ランキング200位以内',
               '月間ランキング200位以内',
               '月間ランキング200位以内',
               '月間ランキング200位以内',
               '月間ランキング200位以内',
               '月間ランキング200位以内',
               '月間ランキング200位以内',
               '月間ランキング200位以内',
               '月間ランキング200位以内',
               '月間ランキング200位以内',
               '月間ランキング200位以内',
               '月間ランキング200位以内',
               '月間ランキング200位以内',
               '月間ランキング200位以内',
               '月間ランキング200位以内',
               '月間ランキング200位以内',
               '月間ランキング200位以内',
               '月間ランキング200位以内',
               '月間ランキング200位以内',
               '月間ランキング200位以内',
               '月間ランキング200位以内',
               '月間ランキング200位以内',
               '月間ランキング200位以内',
               '月間ランキング200位以内',
               '月間ランキング200位以内',
               '月間ランキング200位以内',
               '月間ランキング200位以内',
               '月間ランキング200位以内',
               '月間ランキング200位以内',
               '月間ランキング200位以内',
               '月間ランキング200位以内',
               '月間ランキング200位以内',
               '月間ランキング200位以内',
               '月間ランキング200位以内',
               '月間ランキング200位以内',
               '月間ランキング200位以内',
               '月間ランキング200位以内',
               '月間ランキング200位以内',
               '月間ランキング200位以内',
               '月間ランキング200位以内',
               '月間ランキング200位以内',
               '月間ランキング200位以内',
               '月間ランキング200位以内',
               '月間ランキング200位以内',
               '月間ランキング200位以内',
               '月間ランキング200位以内',
               '月間ランキング200位以内',
               '月間ランキング200位以内',
               '月間ランキング200位以内',
               '月間ランキング200位以内',
               '月間ランキング200位以内',
               '月間ランキング200位以内',
               '月間ランキング200位以内',
               '月間ランキング200位以内',
               '月間ランキング200位以内',
               '月間ランキング200位以内',
               '月間ランキング200位以内',
               '月間ランキング200位以内',
               '月間ランキング200位以内',
               '月間ランキング200位以内',
               '月間ランキング200位以内',
               '月間ランキング200位以内',
               '月間ランキング200位以内',
               '月間ランキング200位以内',
               '月間ランキング200位以内',
               '月間ランキング200位以内',
               '月間ランキング200位以内',
               '月間ランキング200位以内',
               '月間ランキング200位以内',
               '月間ランキング200位以内',
               '月間ランキング200位以内',
               '月間ランキング200位以内',
               '月間ランキング200位以内',
               '月間ランキング200位以内',
               '月間ランキング200位以内',
               '月間ランキング200位以内',
               '月間ランキング200位以内',
               '月間ランキング200位以内',
               '月間ランキング200位以内',
               '月間ランキング200位以内',
               '月間ランキング200位以内',
               '月間ランキング200位以内',
               '月間ランキング200位以内',
               '月間ランキング200位以内',
               '月間ランキング200位以内',
               '月間ランキング200位以内',
               '月間ランキング200位以内',
               '月間ランキング200位以内',
               '月間ランキング200位以内',
               '月間ランキング200位以内',
               '月間ランキング200位以内',
               '月間ランキング200位以内',
               '月間ランキング200位以内',
               '累計ランキング200位以内',
               '累計ランキング200位以内',
               '累計ランキング200位以内',
               '累計ランキング200位以内',
               '累計ランキング200位以内',
               '累計ランキング200位以内',
               '累計ランキング200位以内',
               '累計ランキング200位以内',
               '累計ランキング200位以内',
               '累計ランキング200位以内',
               '累計ランキング200位以内',
               '累計ランキング200位以内',
               '累計ランキング200位以内',
               '累計ランキング200位以内',
               '累計ランキング200位以内',
               '累計ランキング200位以内',
               '累計ランキング200位以内',
               '累計ランキング200位以内',
               '累計ランキング200位以内',
               '累計ランキング200位以内',
               '累計ランキング200位以内',
               '累計ランキング200位以内',
               '累計ランキング200位以内',
               '累計ランキング200位以内',
               '累計ランキング200位以内',
               '累計ランキング200位以内',
               '累計ランキング200位以内',
               '累計ランキング200位以内',
               '累計ランキング200位以内',
               '累計ランキング200位以内',
               '累計ランキング200位以内',
               '累計ランキング200位以内',
               '累計ランキング200位以内',
               '累計ランキング200位以内',
               '累計ランキング200位以内',
               '累計ランキング200位以内',
               '累計ランキング200位以内',
               '累計ランキング200位以内',
               '累計ランキング200位以内',
               '累計ランキング200位以内',
               '累計ランキング200位以内',
               '累計ランキング200位以内',
               '累計ランキング200位以内',
               '累計ランキング200位以内',
               '累計ランキング200位以内',
               '累計ランキング200位以内',
               '累計ランキング200位以内',
               '累計ランキング200位以内',
               '累計ランキング200位以内',
               '累計ランキング200位以内',
               '累計ランキング200位以内',
               '累計ランキング200位以内',
               '累計ランキング200位以内',
               '累計ランキング200位以内',
               '累計ランキング200位以内',
               '累計ランキング200位以内',
               '累計ランキング200位以内',
               '累計ランキング200位以内',
               '累計ランキング200位以内',
               '累計ランキング200位以内',
               '累計ランキング200位以内',
               '累計ランキング200位以内',
               '累計ランキング200位以内',
               '累計ランキング200位以内',
               '累計ランキング200位以内',
               '累計ランキング200位以内',
               '累計ランキング200位以内',
               '累計ランキング200位以内',
               '累計ランキング200位以内',
               '累計ランキング200位以内',
               '累計ランキング200位以内',
               '累計ランキング200位以内',
               '累計ランキング200位以内',
               '累計ランキング200位以内',
               '累計ランキング200位以内',
               '累計ランキング200位以内',
               '累計ランキング200位以内',
               '累計ランキング200位以内',
               '累計ランキング200位以内',
               '累計ランキング200位以内',
               '累計ランキング200位以内',
               '累計ランキング200位以内',
               '累計ランキング200位以内',
               '累計ランキング200位以内',
               '累計ランキング200位以内',
               '累計ランキング200位以内',
               '累計ランキング200位以内',
               '累計ランキング200位以内',
               '累計ランキング200位以内',
               '累計ランキング200位以内',
               '累計ランキング200位以内',
               '累計ランキング200位以内',
               '累計ランキング200位以内',
               '累計ランキング200位以内',
               '累計ランキング200位以内',
               '累計ランキング200位以内',
               '累計ランキング200位以内',
               '累計ランキング200位以内',
               '累計ランキング200位以内',
               '累計ランキング200位以内',
               '累計ランキング200位以内',
               '累計ランキング200位以内',
               '累計ランキング200位以内',
               '累計ランキング200位以内',
               '累計ランキング200位以内',
               '累計ランキング200位以内',
               '累計ランキング200位以内',
               '累計ランキング200位以内',
               '累計ランキング200位以内',
               '累計ランキング200位以内',
               '累計ランキング200位以内',
               '累計ランキング200位以内',
               '累計ランキング200位以内',
               '累計ランキング200位以内',
               '累計ランキング200位以内',
               '累計ランキング200位以内',
               '累計ランキング200位以内',
               '累計ランキング200位以内',
               '累計ランキング200位以内',
               '累計ランキング200位以内',
               '累計ランキング200位以内',
               '累計ランキング200位以内',
               '累計ランキング200位以内',
               '累計ランキング200位以内',
               '累計ランキング200位以内',
               '累計ランキング200位以内',
               '累計ランキング200位以内',
               '累計ランキング200位以内',
               '累計ランキング200位以内',
               '累計ランキング200位以内',
               '累計ランキング200位以内',
               '累計ランキング200位以内',
               '累計ランキング200位以内',
               '累計ランキング200位以内',
               '累計ランキング200位以内',
               '累計ランキング200位以内',
               '累計ランキング200位以内',
               '累計ランキング200位以内',
               '累計ランキング200位以内',
               '累計ランキング200位以内',
               '累計ランキング200位以内',
               '累計ランキング200位以内',
               '累計ランキング200位以内',
               '累計ランキング200位以内',
               '累計ランキング200位以内',
               '累計ランキング200位以内',
               '累計ランキング200位以内',
               '累計ランキング200位以内',
               '累計ランキング200位以内',
               '累計ランキング200位以内',
               '累計ランキング200位以内',
               '累計ランキング200位以内',
               '累計ランキング200位以内',
               '累計ランキング200位以内',
               '累計ランキング200位以内',
               '累計ランキング200位以内',
               '累計ランキング200位以内',
               '累計ランキング200位以内',
               '累計ランキング200位以内',
               '累計ランキング200位以内',
               '累計ランキング200位以内',
               '累計ランキング200位以内',
               '累計ランキング200位以内',
               '累計ランキング200位以内',
               '累計ランキング200位以内',
               '累計ランキング200位以内',
               '累計ランキング200位以内',
               '累計ランキング200位以内',
               '累計ランキング200位以内',
               '累計ランキング200位以内',
               '累計ランキング200位以内',
               '累計ランキング200位以内',
               '累計ランキング200位以内',
               '累計ランキング200位以内',
               '累計ランキング200位以内',
               '累計ランキング200位以内',
               '累計ランキング200位以内',
               '累計ランキング200位以内',
               '累計ランキング200位以内',
               '累計ランキング200位以内',
               '累計ランキング200位以内',
               '累計ランキング200位以内',
               '累計ランキング200位以内',
               '累計ランキング200位以内',
               '累計ランキング200位以内',
               '累計ランキング200位以内'],
 'Sales': ['32490',
           '9787',
           '9015',
           '8574',
           '8059',
           '7738',
           '7613',
           '7316',
           '7087',
           '6988',
           '6845',
           '6801',
           '6706',
           '6452',
           '6077',
           '6026',
           '5782',
           '5665',
           '5620',
           '5381',
           '5234',
           '4978',
           '4894',
           '4841',
           '4749',
           '4691',
           '4637',
           '4571',
           '4515',
           '4377',
           '4371',
           '133828',
           '91194',
           '71315',
           '65752',
           '48656',
           '42663',
           '40321',
           '31620',
           '31303',
           '23721',
           '21364',
           '21266',
           '20932',
           '19267',
           '19119',
           '18182',
           '17753',
           '15151',
           '14987',
           '14605',
           '14352',
           '14204',
           '14131',
           '13857',
           '13777',
           '13710',
           '13630',
           '12793',
           '12027',
           '11369',
           '11036',
           '49167',
           '22066',
           '20297',
           '17275',
           '16455',
           '15540',
           '15491',
           '14624',
           '13344',
           '11934',
           '11694',
           '11667',
           '10800',
           '10732',
           '10472',
           '9424',
           '8617',
           '8237',
           '8179',
           '8151',
           '7259',
           '7133',
           '6937',
           '6791',
           '6763',
           '6763',
           '6697',
           '6583',
           '6355',
           '6260',
           '6221',
           '771511',
           '606646',
           '313952',
           '285788',
           '258673',
           '236309',
           '224693',
           '169908',
           '141758',
           '132235',
           '124192',
           '118501',
           '110910',
           '104563',
           '103940',
           '103799',
           '101980',
           '101729',
           '100380',
           '100202',
           '99065',
           '94859',
           '94408',
           '93688',
           '92385',
           '91492',
           '89813',
           '85863',
           '85213',
           '82850',
           '80703',
           '536414',
           '483310',
           '449380',
           '439089',
           '352539',
           '259003',
           '225695',
           '211165',
           '189839',
           '187037',
           '180321',
           '137666',
           '137620',
           '136120',
           '124544',
           '108694',
           '104686',
           '99024',
           '98824',
           '98256',
           '97325',
           '97325',
           '95557',
           '92229',
           '86179',
           '85135',
           '69339',
           '68797',
           '63925',
           '63156',
           '60794',
           '12253148',
           '7683583',
           '6766826',
           '4560356',
           '4542592',
           '3853364',
           '3840457',
           '3490600',
           '3485318',
           '2965237',
           '2879553',
           '2423971',
           '2066723',
           '1980441',
           '1972371',
           '1961928',
           '1618917',
           '1477229',
           '1403684',
           '1196200',
           '1196034',
           '1160917',
           '1117657',
           '1071385',
           '1055814',
           '1023749',
           '985108',
           '974700',
           '954135',
           '818035',
           '807084',
           '32490',
           '9787',
           '9015',
           '8574',
           '8059',
           '7738',
           '7613',
           '7316',
           '7087',
           '6988',
           '6845',
           '6801',
           '6706',
           '6452',
           '6077',
           '6026',
           '5782',
           '5665',
           '5620',
           '5381',
           '5234',
           '4978',
           '4894',
           '4841',
           '4749',
           '4691',
           '4637',
           '4571',
           '4515',
           '4377',
           '4371',
           '133828',
           '91194',
           '71315',
           '65752',
           '48656',
           '42663',
           '40321',
           '31620',
           '31303',
           '23721',
           '21364',
           '21266',
           '20932',
           '19267',
           '19119',
           '18182',
           '17753',
           '15151',
           '14987',
           '14605',
           '14352',
           '14204',
           '14131',
           '13857',
           '13777',
           '13710',
           '13630',
           '12793',
           '12027',
           '11369',
           '11036',
           '49167',
           '22066',
           '20297',
           '17275',
           '16455',
           '15540',
           '15491',
           '14624',
           '13344',
           '11934',
           '11694',
           '11667',
           '10800',
           '10732',
           '10472',
           '9424',
           '8617',
           '8237',
           '8179',
           '8151',
           '7259',
           '7133',
           '6937',
           '6791',
           '6763',
           '6763',
           '6697',
           '6583',
           '6355',
           '6260',
           '6221',
           '771511',
           '606646',
           '313952',
           '285788',
           '258673',
           '236309',
           '224693',
           '169908',
           '141758',
           '132235',
           '124192',
           '118501',
           '110910',
           '104563',
           '103940',
           '103799',
           '101980',
           '101729',
           '100380',
           '100202',
           '99065',
           '94859',
           '94408',
           '93688',
           '92385',
           '91492',
           '89813',
           '85863',
           '85213',
           '82850',
           '80703',
           '536414',
           '483310',
           '449380',
           '439089',
           '352539',
           '259003',
           '225695',
           '211165',
           '189839',
           '187037',
           '180321',
           '137666',
           '137620',
           '136120',
           '124544',
           '108694',
           '104686',
           '99024',
           '98824',
           '98256',
           '97325',
           '97325',
           '95557',
           '92229',
           '86179',
           '85135',
           '69339',
           '68797',
           '63925',
           '63156',
           '60794',
           '12253148',
           '7683583',
           '6766826',
           '4560356',
           '4542592',
           '3853364',
           '3840457',
           '3490600',
           '3485318',
           '2965237',
           '2879553',
           '2423971',
           '2066723',
           '1980441',
           '1972371',
           '1961928',
           '1618917',
           '1477229',
           '1403684',
           '1196200',
           '1196034',
           '1160917',
           '1117657',
           '1071385',
           '1055814',
           '1023749',
           '985108',
           '974700',
           '954135',
           '818035',
           '807084',
           '32490',
           '9787',
           '9015',
           '8574',
           '8059',
           '7738',
           '7613',
           '7316',
           '7087',
           '6988',
           '6845',
           '6801',
           '6706',
           '6452',
           '6077',
           '6026',
           '5782',
           '5665',
           '5620',
           '5381',
           '5234',
           '4978',
           '4894',
           '4841',
           '4749',
           '4691',
           '4637',
           '4571',
           '4515',
           '4377',
           '4371',
           '133828',
           '91194',
           '71315',
           '65752',
           '48656',
           '42663',
           '40321',
           '31620',
           '31303',
           '23721',
           '21364',
           '21266',
           '20932',
           '19267',
           '19119',
           '18182',
           '17753',
           '15151',
           '14987',
           '14605',
           '14352',
           '14204',
           '14131',
           '13857',
           '13777',
           '13710',
           '13630',
           '12793',
           '12027',
           '11369',
           '11036',
           '49167',
           '22066',
           '20297',
           '17275',
           '16455',
           '15540',
           '15491',
           '14624',
           '13344',
           '11934',
           '11694',
           '11667',
           '10800',
           '10732',
           '10472',
           '9424',
           '8617',
           '8237',
           '8179',
           '8151',
           '7259',
           '7133',
           '6937',
           '6791',
           '6763',
           '6763',
           '6697',
           '6583',
           '6355',
           '6260',
           '6221',
           '771511',
           '606646',
           '313952',
           '285788',
           '258673',
           '236309',
           '224693',
           '169908',
           '141758',
           '132235',
           '124192',
           '118501',
           '110910',
           '104563',
           '103940',
           '103799',
           '101980',
           '101729',
           '100380',
           '100202',
           '99065',
           '94859',
           '94408',
           '93688',
           '92385',
           '91492',
           '89813',
           '85863',
           '85213',
           '82850',
           '80703',
           '536414',
           '483310',
           '449380',
           '439089',
           '352539',
           '259003',
           '225695',
           '211165',
           '189839',
           '187037',
           '180321',
           '137666',
           '137620',
           '136120',
           '124544',
           '108694',
           '104686',
           '99024',
           '98824',
           '98256',
           '97325',
           '97325',
           '95557',
           '92229',
           '86179',
           '85135',
           '69339',
           '68797',
           '63925',
           '63156',
           '60794',
           '12253148',
           '7683583',
           '6766826',
           '4560356',
           '4542592',
           '3853364',
           '3840457',
           '3490600',
           '3485318',
           '2965237',
           '2879553',
           '2423971',
           '2066723',
           '1980441',
           '1972371',
           '1961928',
           '1618917',
           '1477229',
           '1403684',
           '1196200',
           '1196034',
           '1160917',
           '1117657',
           '1071385',
           '1055814',
           '1023749',
           '985108',
           '974700',
           '954135',
           '818035',
           '807084'],
 'Site': ['DLsite',
          'DLsite',
          'DLsite',
          'DLsite',
          'DLsite',
          'DLsite',
          'DLsite',
          'DLsite',
          'DLsite',
          'DLsite',
          'DLsite',
          'DLsite',
          'DLsite',
          'DLsite',
          'DLsite',
          'DLsite',
          'DLsite',
          'DLsite',
          'DLsite',
          'DLsite',
          'DLsite',
          'DLsite',
          'DLsite',
          'DLsite',
          'DLsite',
          'DLsite',
          'DLsite',
          'DLsite',
          'DLsite',
          'DLsite',
          'DLsite',
          'FANZA',
          'FANZA',
          'FANZA',
          'FANZA',
          'FANZA',
          'FANZA',
          'FANZA',
          'FANZA',
          'FANZA',
          'FANZA',
          'FANZA',
          'FANZA',
          'FANZA',
          'FANZA',
          'FANZA',
          'FANZA',
          'FANZA',
          'FANZA',
          'FANZA',
          'FANZA',
          'FANZA',
          'FANZA',
          'FANZA',
          'FANZA',
          'FANZA',
          'FANZA',
          'FANZA',
          'FANZA',
          'FANZA',
          'FANZA',
          'FANZA',
          'DLsite',
          'DLsite',
          'DLsite',
          'DLsite',
          'DLsite',
          'DLsite',
          'DLsite',
          'DLsite',
          'DLsite',
          'DLsite',
          'DLsite',
          'DLsite',
          'DLsite',
          'DLsite',
          'DLsite',
          'DLsite',
          'DLsite',
          'DLsite',
          'DLsite',
          'DLsite',
          'DLsite',
          'DLsite',
          'DLsite',
          'DLsite',
          'DLsite',
          'DLsite',
          'DLsite',
          'DLsite',
          'DLsite',
          'DLsite',
          'DLsite',
          'FANZA',
          'FANZA',
          'FANZA',
          'FANZA',
          'FANZA',
          'FANZA',
          'FANZA',
          'FANZA',
          'FANZA',
          'FANZA',
          'FANZA',
          'FANZA',
          'FANZA',
          'FANZA',
          'FANZA',
          'FANZA',
          'FANZA',
          'FANZA',
          'FANZA',
          'FANZA',
          'FANZA',
          'FANZA',
          'FANZA',
          'FANZA',
          'FANZA',
          'FANZA',
          'FANZA',
          'FANZA',
          'FANZA',
          'FANZA',
          'FANZA',
          'DLsite',
          'DLsite',
          'DLsite',
          'DLsite',
          'DLsite',
          'DLsite',
          'DLsite',
          'DLsite',
          'DLsite',
          'DLsite',
          'DLsite',
          'DLsite',
          'DLsite',
          'DLsite',
          'DLsite',
          'DLsite',
          'DLsite',
          'DLsite',
          'DLsite',
          'DLsite',
          'DLsite',
          'DLsite',
          'DLsite',
          'DLsite',
          'DLsite',
          'DLsite',
          'DLsite',
          'DLsite',
          'DLsite',
          'DLsite',
          'DLsite',
          'FANZA',
          'FANZA',
          'FANZA',
          'FANZA',
          'FANZA',
          'FANZA',
          'FANZA',
          'FANZA',
          'FANZA',
          'FANZA',
          'FANZA',
          'FANZA',
          'FANZA',
          'FANZA',
          'FANZA',
          'FANZA',
          'FANZA',
          'FANZA',
          'FANZA',
          'FANZA',
          'FANZA',
          'FANZA',
          'FANZA',
          'FANZA',
          'FANZA',
          'FANZA',
          'FANZA',
          'FANZA',
          'FANZA',
          'FANZA',
          'FANZA',
          'DLsite',
          'DLsite',
          'DLsite',
          'DLsite',
          'DLsite',
          'DLsite',
          'DLsite',
          'DLsite',
          'DLsite',
          'DLsite',
          'DLsite',
          'DLsite',
          'DLsite',
          'DLsite',
          'DLsite',
          'DLsite',
          'DLsite',
          'DLsite',
          'DLsite',
          'DLsite',
          'DLsite',
          'DLsite',
          'DLsite',
          'DLsite',
          'DLsite',
          'DLsite',
          'DLsite',
          'DLsite',
          'DLsite',
          'DLsite',
          'DLsite',
          'FANZA',
          'FANZA',
          'FANZA',
          'FANZA',
          'FANZA',
          'FANZA',
          'FANZA',
          'FANZA',
          'FANZA',
          'FANZA',
          'FANZA',
          'FANZA',
          'FANZA',
          'FANZA',
          'FANZA',
          'FANZA',
          'FANZA',
          'FANZA',
          'FANZA',
          'FANZA',
          'FANZA',
          'FANZA',
          'FANZA',
          'FANZA',
          'FANZA',
          'FANZA',
          'FANZA',
          'FANZA',
          'FANZA',
          'FANZA',
          'FANZA',
          'DLsite',
          'DLsite',
          'DLsite',
          'DLsite',
          'DLsite',
          'DLsite',
          'DLsite',
          'DLsite',
          'DLsite',
          'DLsite',
          'DLsite',
          'DLsite',
          'DLsite',
          'DLsite',
          'DLsite',
          'DLsite',
          'DLsite',
          'DLsite',
          'DLsite',
          'DLsite',
          'DLsite',
          'DLsite',
          'DLsite',
          'DLsite',
          'DLsite',
          'DLsite',
          'DLsite',
          'DLsite',
          'DLsite',
          'DLsite',
          'DLsite',
          'FANZA',
          'FANZA',
          'FANZA',
          'FANZA',
          'FANZA',
          'FANZA',
          'FANZA',
          'FANZA',
          'FANZA',
          'FANZA',
          'FANZA',
          'FANZA',
          'FANZA',
          'FANZA',
          'FANZA',
          'FANZA',
          'FANZA',
          'FANZA',
          'FANZA',
          'FANZA',
          'FANZA',
          'FANZA',
          'FANZA',
          'FANZA',
          'FANZA',
          'FANZA',
          'FANZA',
          'FANZA',
          'FANZA',
          'FANZA',
          'FANZA',
          'DLsite',
          'DLsite',
          'DLsite',
          'DLsite',
          'DLsite',
          'DLsite',
          'DLsite',
          'DLsite',
          'DLsite',
          'DLsite',
          'DLsite',
          'DLsite',
          'DLsite',
          'DLsite',
          'DLsite',
          'DLsite',
          'DLsite',
          'DLsite',
          'DLsite',
          'DLsite',
          'DLsite',
          'DLsite',
          'DLsite',
          'DLsite',
          'DLsite',
          'DLsite',
          'DLsite',
          'DLsite',
          'DLsite',
          'DLsite',
          'DLsite',
          'FANZA',
          'FANZA',
          'FANZA',
          'FANZA',
          'FANZA',
          'FANZA',
          'FANZA',
          'FANZA',
          'FANZA',
          'FANZA',
          'FANZA',
          'FANZA',
          'FANZA',
          'FANZA',
          'FANZA',
          'FANZA',
          'FANZA',
          'FANZA',
          'FANZA',
          'FANZA',
          'FANZA',
          'FANZA',
          'FANZA',
          'FANZA',
          'FANZA',
          'FANZA',
          'FANZA',
          'FANZA',
          'FANZA',
          'FANZA',
          'FANZA',
          'DLsite',
          'DLsite',
          'DLsite',
          'DLsite',
          'DLsite',
          'DLsite',
          'DLsite',
          'DLsite',
          'DLsite',
          'DLsite',
          'DLsite',
          'DLsite',
          'DLsite',
          'DLsite',
          'DLsite',
          'DLsite',
          'DLsite',
          'DLsite',
          'DLsite',
          'DLsite',
          'DLsite',
          'DLsite',
          'DLsite',
          'DLsite',
          'DLsite',
          'DLsite',
          'DLsite',
          'DLsite',
          'DLsite',
          'DLsite',
          'DLsite',
          'FANZA',
          'FANZA',
          'FANZA',
          'FANZA',
          'FANZA',
          'FANZA',
          'FANZA',
          'FANZA',
          'FANZA',
          'FANZA',
          'FANZA',
          'FANZA',
          'FANZA',
          'FANZA',
          'FANZA',
          'FANZA',
          'FANZA',
          'FANZA',
          'FANZA',
          'FANZA',
          'FANZA',
          'FANZA',
          'FANZA',
          'FANZA',
          'FANZA',
          'FANZA',
          'FANZA',
          'FANZA',
          'FANZA',
          'FANZA',
          'FANZA',
          'DLsite',
          'DLsite',
          'DLsite',
          'DLsite',
          'DLsite',
          'DLsite',
          'DLsite',
          'DLsite',
          'DLsite',
          'DLsite',
          'DLsite',
          'DLsite',
          'DLsite',
          'DLsite',
          'DLsite',
          'DLsite',
          'DLsite',
          'DLsite',
          'DLsite',
          'DLsite',
          'DLsite',
          'DLsite',
          'DLsite',
          'DLsite',
          'DLsite',
          'DLsite',
          'DLsite',
          'DLsite',
          'DLsite',
          'DLsite',
          'DLsite',
          'FANZA',
          'FANZA',
          'FANZA',
          'FANZA',
          'FANZA',
          'FANZA',
          'FANZA',
          'FANZA',
          'FANZA',
          'FANZA',
          'FANZA',
          'FANZA',
          'FANZA',
          'FANZA',
          'FANZA',
          'FANZA',
          'FANZA',
          'FANZA',
          'FANZA',
          'FANZA',
          'FANZA',
          'FANZA',
          'FANZA',
          'FANZA',
          'FANZA',
          'FANZA',
          'FANZA',
          'FANZA',
          'FANZA',
          'FANZA',
          'FANZA',
          'DLsite',
          'DLsite',
          'DLsite',
          'DLsite',
          'DLsite',
          'DLsite',
          'DLsite',
          'DLsite',
          'DLsite',
          'DLsite',
          'DLsite',
          'DLsite',
          'DLsite',
          'DLsite',
          'DLsite',
          'DLsite',
          'DLsite',
          'DLsite',
          'DLsite',
          'DLsite',
          'DLsite',
          'DLsite',
          'DLsite',
          'DLsite',
          'DLsite',
          'DLsite',
          'DLsite',
          'DLsite',
          'DLsite',
          'DLsite',
          'DLsite',
          'FANZA',
          'FANZA',
          'FANZA',
          'FANZA',
          'FANZA',
          'FANZA',
          'FANZA',
          'FANZA',
          'FANZA',
          'FANZA',
          'FANZA',
          'FANZA',
          'FANZA',
          'FANZA',
          'FANZA',
          'FANZA',
          'FANZA',
          'FANZA',
          'FANZA',
          'FANZA',
          'FANZA',
          'FANZA',
          'FANZA',
          'FANZA',
          'FANZA',
          'FANZA',
          'FANZA',
          'FANZA',
          'FANZA',
          'FANZA',
          'FANZA'],
 'Tag': ['巨乳',
         'フェラ',
         '潮吹き',
         'パイズリ',
         '学生',
         'パイパン',
         '陵辱',
         '学園もの',
         'ラブラブ・あまあま',
         'アヘ顔',
         'おねショタ',
         'ロリ',
         '快楽堕ち',
         '羞恥・恥辱',
         '妊娠・孕ませ',
         '人妻・主婦',
         'アナル',
         '断面図',
         '輪姦',
         'オナニー',
         '複数プレイ・乱交',
         'メイド',
         '処女',
         'ムチムチ',
         '幼なじみ',
         'ギャル',
         '連続絶頂',
         '女主人公',
         'コスプレ',
         '口内射精',
         '寝取り・寝取られ',
         '巨乳',
         'フェラ',
         '制服',
         '処女',
         'パイズリ',
         '学園もの',
         '学生',
         'ラブラブ・あまあま',
         '露出',
         'ギャル',
         '寝取り・寝取られ',
         '陵辱',
         '快楽堕ち',
         '幼なじみ',
         'キス',
         '旧作',
         'パイパン',
         'オホ声',
         '金髪',
         '人妻・主婦',
         '純愛',
         '潮吹き',
         '貧乳・微乳',
         'AI生成',
         '褐色・日焼け',
         'クンニ',
         '黒髪',
         'ハーレム',
         '妊娠・孕ませ',
         'アナル',
         '首輪・鎖・拘束具',
         '巨乳',
         'フェラ',
         '潮吹き',
         'ラブラブ・あまあま',
         'パイズリ',
         'オナニー',
         'ロリ',
         '連続絶頂',
         'パイパン',
         'メイド',
         '処女',
         'コスプレ',
         'ウェイトレス',
         '貧乳・微乳',
         '学生',
         'アナル',
         'ギャル',
         '褐色・日焼け',
         '学園もの',
         'おねショタ',
         'メスガキ',
         '男性受け',
         '羞恥・恥辱',
         '陵辱',
         '長身',
         '逆転無し',
         '乳首責め',
         'お姉さん',
         '快楽堕ち',
         '首輪・鎖・拘束具',
         'ドット',
         '巨乳',
         'フェラ',
         '制服',
         'パイズリ',
         '旧作',
         '寝取り・寝取られ',
         '人妻・主婦',
         '処女',
         'ラブラブ・あまあま',
         'ぶっかけ',
         'ギャル',
         '学園もの',
         'ハーレム',
         '幼なじみ',
         'お尻・ヒップ',
         '潮吹き',
         'クンニ',
         'キス',
         'アナル',
         '熟女',
         '妊娠・孕ませ',
         '貧乳・微乳',
         '学生',
         'アヘ顔',
         '着衣',
         '連続絶頂',
         '露出',
         '陵辱',
         'ビッチ',
         'パイパン',
         '快楽堕ち',
         'ロリ',
         'パイパン',
         '複数プレイ・乱交',
         'ツルペタ',
         '巨乳',
         '調教・奴隷',
         '純愛',
         'ラブラブ・あまあま',
         '連続絶頂',
         'アヘ顔',
         'フェラ',
         '断面図',
         'アナル',
         '潮吹き',
         '少女',
         '妊婦',
         '触手',
         '退廃・背徳・インモラル',
         '叔父・義父',
         'レイプ',
         '人体改造',
         'ボクっ娘',
         'ギャル',
         '強制・無理矢理',
         '学園もの',
         '制服',
         '寝取り・寝取られ',
         'クンニ',
         'イラマチオ',
         'パイズリ',
         'スパンキング',
         '巨乳',
         'フェラ',
         '制服',
         'パイズリ',
         '処女',
         '学園もの',
         '寝取り・寝取られ',
         '露出',
         'ラブラブ・あまあま',
         'ぶっかけ',
         'ハーレム',
         'ビッチ',
         '複数プレイ・乱交',
         '陵辱',
         'アナル',
         '人妻・主婦',
         '断面図',
         'ギャル',
         '着衣',
         '日常・生活',
         'パイパン',
         '陰毛・腋毛',
         '和姦',
         '浮気',
         'お尻・ヒップ',
         'ごっくん・食ザー',
         'イラマチオ',
         'オナニー',
         '幼なじみ',
         'ポニーテール',
         '水着',
         '巨乳',
         'フェラ',
         '潮吹き',
         'パイズリ',
         '学生',
         'パイパン',
         '陵辱',
         '学園もの',
         'ラブラブ・あまあま',
         'アヘ顔',
         'おねショタ',
         'ロリ',
         '快楽堕ち',
         '羞恥・恥辱',
         '妊娠・孕ませ',
         '人妻・主婦',
         'アナル',
         '断面図',
         '輪姦',
         'オナニー',
         '複数プレイ・乱交',
         'メイド',
         '処女',
         'ムチムチ',
         '幼なじみ',
         'ギャル',
         '連続絶頂',
         '女主人公',
         'コスプレ',
         '口内射精',
         '寝取り・寝取られ',
         '巨乳',
         'フェラ',
         '制服',
         '処女',
         'パイズリ',
         '学園もの',
         '学生',
         'ラブラブ・あまあま',
         '露出',
         'ギャル',
         '寝取り・寝取られ',
         '陵辱',
         '快楽堕ち',
         '幼なじみ',
         'キス',
         '旧作',
         'パイパン',
         'オホ声',
         '金髪',
         '人妻・主婦',
         '純愛',
         '潮吹き',
         '貧乳・微乳',
         'AI生成',
         '褐色・日焼け',
         'クンニ',
         '黒髪',
         'ハーレム',
         '妊娠・孕ませ',
         'アナル',
         '首輪・鎖・拘束具',
         '巨乳',
         'フェラ',
         '潮吹き',
         'ラブラブ・あまあま',
         'パイズリ',
         'オナニー',
         'ロリ',
         '連続絶頂',
         'パイパン',
         'メイド',
         '処女',
         'コスプレ',
         'ウェイトレス',
         '貧乳・微乳',
         '学生',
         'アナル',
         'ギャル',
         '褐色・日焼け',
         '学園もの',
         'おねショタ',
         'メスガキ',
         '男性受け',
         '羞恥・恥辱',
         '陵辱',
         '長身',
         '逆転無し',
         '乳首責め',
         'お姉さん',
         '快楽堕ち',
         '首輪・鎖・拘束具',
         'ドット',
         '巨乳',
         'フェラ',
         '制服',
         'パイズリ',
         '旧作',
         '寝取り・寝取られ',
         '人妻・主婦',
         '処女',
         'ラブラブ・あまあま',
         'ぶっかけ',
         'ギャル',
         '学園もの',
         'ハーレム',
         '幼なじみ',
         'お尻・ヒップ',
         '潮吹き',
         'クンニ',
         'キス',
         'アナル',
         '熟女',
         '妊娠・孕ませ',
         '貧乳・微乳',
         '学生',
         'アヘ顔',
         '着衣',
         '連続絶頂',
         '露出',
         '陵辱',
         'ビッチ',
         'パイパン',
         '快楽堕ち',
         'ロリ',
         'パイパン',
         '複数プレイ・乱交',
         'ツルペタ',
         '巨乳',
         '調教・奴隷',
         '純愛',
         'ラブラブ・あまあま',
         '連続絶頂',
         'アヘ顔',
         'フェラ',
         '断面図',
         'アナル',
         '潮吹き',
         '少女',
         '妊婦',
         '触手',
         '退廃・背徳・インモラル',
         '叔父・義父',
         'レイプ',
         '人体改造',
         'ボクっ娘',
         'ギャル',
         '強制・無理矢理',
         '学園もの',
         '制服',
         '寝取り・寝取られ',
         'クンニ',
         'イラマチオ',
         'パイズリ',
         'スパンキング',
         '巨乳',
         'フェラ',
         '制服',
         'パイズリ',
         '処女',
         '学園もの',
         '寝取り・寝取られ',
         '露出',
         'ラブラブ・あまあま',
         'ぶっかけ',
         'ハーレム',
         'ビッチ',
         '複数プレイ・乱交',
         '陵辱',
         'アナル',
         '人妻・主婦',
         '断面図',
         'ギャル',
         '着衣',
         '日常・生活',
         'パイパン',
         '陰毛・腋毛',
         '和姦',
         '浮気',
         'お尻・ヒップ',
         'ごっくん・食ザー',
         'イラマチオ',
         'オナニー',
         '幼なじみ',
         'ポニーテール',
         '水着',
         '巨乳',
         'フェラ',
         '潮吹き',
         'パイズリ',
         '学生',
         'パイパン',
         '陵辱',
         '学園もの',
         'ラブラブ・あまあま',
         'アヘ顔',
         'おねショタ',
         'ロリ',
         '快楽堕ち',
         '羞恥・恥辱',
         '妊娠・孕ませ',
         '人妻・主婦',
         'アナル',
         '断面図',
         '輪姦',
         'オナニー',
         '複数プレイ・乱交',
         'メイド',
         '処女',
         'ムチムチ',
         '幼なじみ',
         'ギャル',
         '連続絶頂',
         '女主人公',
         'コスプレ',
         '口内射精',
         '寝取り・寝取られ',
         '巨乳',
         'フェラ',
         '制服',
         '処女',
         'パイズリ',
         '学園もの',
         '学生',
         'ラブラブ・あまあま',
         '露出',
         'ギャル',
         '寝取り・寝取られ',
         '陵辱',
         '快楽堕ち',
         '幼なじみ',
         'キス',
         '旧作',
         'パイパン',
         'オホ声',
         '金髪',
         '人妻・主婦',
         '純愛',
         '潮吹き',
         '貧乳・微乳',
         'AI生成',
         '褐色・日焼け',
         'クンニ',
         '黒髪',
         'ハーレム',
         '妊娠・孕ませ',
         'アナル',
         '首輪・鎖・拘束具',
         '巨乳',
         'フェラ',
         '潮吹き',
         'ラブラブ・あまあま',
         'パイズリ',
         'オナニー',
         'ロリ',
         '連続絶頂',
         'パイパン',
         'メイド',
         '処女',
         'コスプレ',
         'ウェイトレス',
         '貧乳・微乳',
         '学生',
         'アナル',
         'ギャル',
         '褐色・日焼け',
         '学園もの',
         'おねショタ',
         'メスガキ',
         '男性受け',
         '羞恥・恥辱',
         '陵辱',
         '長身',
         '逆転無し',
         '乳首責め',
         'お姉さん',
         '快楽堕ち',
         '首輪・鎖・拘束具',
         'ドット',
         '巨乳',
         'フェラ',
         '制服',
         'パイズリ',
         '旧作',
         '寝取り・寝取られ',
         '人妻・主婦',
         '処女',
         'ラブラブ・あまあま',
         'ぶっかけ',
         'ギャル',
         '学園もの',
         'ハーレム',
         '幼なじみ',
         'お尻・ヒップ',
         '潮吹き',
         'クンニ',
         'キス',
         'アナル',
         '熟女',
         '妊娠・孕ませ',
         '貧乳・微乳',
         '学生',
         'アヘ顔',
         '着衣',
         '連続絶頂',
         '露出',
         '陵辱',
         'ビッチ',
         'パイパン',
         '快楽堕ち',
         'ロリ',
         'パイパン',
         '複数プレイ・乱交',
         'ツルペタ',
         '巨乳',
         '調教・奴隷',
         '純愛',
         'ラブラブ・あまあま',
         '連続絶頂',
         'アヘ顔',
         'フェラ',
         '断面図',
         'アナル',
         '潮吹き',
         '少女',
         '妊婦',
         '触手',
         '退廃・背徳・インモラル',
         '叔父・義父',
         'レイプ',
         '人体改造',
         'ボクっ娘',
         'ギャル',
         '強制・無理矢理',
         '学園もの',
         '制服',
         '寝取り・寝取られ',
         'クンニ',
         'イラマチオ',
         'パイズリ',
         'スパンキング',
         '巨乳',
         'フェラ',
         '制服',
         'パイズリ',
         '処女',
         '学園もの',
         '寝取り・寝取られ',
         '露出',
         'ラブラブ・あまあま',
         'ぶっかけ',
         'ハーレム',
         'ビッチ',
         '複数プレイ・乱交',
         '陵辱',
         'アナル',
         '人妻・主婦',
         '断面図',
         'ギャル',
         '着衣',
         '日常・生活',
         'パイパン',
         '陰毛・腋毛',
         '和姦',
         '浮気',
         'お尻・ヒップ',
         'ごっくん・食ザー',
         'イラマチオ',
         'オナニー',
         '幼なじみ',
         'ポニーテール',
         '水着']}
2024-03-29 21:45:03 [scrapy.core.engine] INFO: Closing spider (finished)
2024-03-29 21:45:03 [scrapy.statscollectors] INFO: Dumping Scrapy stats:
{'downloader/request_bytes': 235,
 'downloader/request_count': 1,
 'downloader/request_method_count/GET': 1,
 'downloader/response_bytes': 6788,
 'downloader/response_count': 1,
 'downloader/response_status_count/200': 1,
 'elapsed_time_seconds': 1.14665,
 'finish_reason': 'finished',
 'finish_time': datetime.datetime(2024, 3, 29, 13, 45, 3, 816360),
 'httpcache/firsthand': 1,
 'httpcache/miss': 1,
 'httpcache/store': 1,
 'httpcompression/response_bytes': 31118,
 'httpcompression/response_count': 1,
 'item_scraped_count': 1,
 'log_count/DEBUG': 6,
 'log_count/INFO': 12,
 'response_received_count': 1,
 'scheduler/dequeued': 1,
 'scheduler/dequeued/memory': 1,
 'scheduler/enqueued': 1,
 'scheduler/enqueued/memory': 1,
 'start_time': datetime.datetime(2024, 3, 29, 13, 45, 2, 669710)}
2024-03-29 21:45:03 [scrapy.core.engine] INFO: Spider closed (finished)
